execve("./bin/8puzzle.o", ["./bin/8puzzle.o"], 0x7ffdb34808b0 /* 64 vars */) = 0
brk(NULL)                               = 0x55b9cc5fa000
arch_prctl(0x3001 /* ARCH_??? */, 0x7ffe89934cd0) = -1 EINVAL (Invalid argument)
access("/etc/ld.so.preload", R_OK)      = -1 ENOENT (No such file or directory)
openat(AT_FDCWD, "/etc/ld.so.cache", O_RDONLY|O_CLOEXEC) = 3
fstat(3, {st_mode=S_IFREG|0644, st_size=132763, ...}) = 0
mmap(NULL, 132763, PROT_READ, MAP_PRIVATE, 3, 0) = 0x7f89df000000
close(3)                                = 0
openat(AT_FDCWD, "/lib/x86_64-linux-gnu/libstdc++.so.6", O_RDONLY|O_CLOEXEC) = 3
read(3, "\177ELF\2\1\1\3\0\0\0\0\0\0\0\0\3\0>\0\1\0\0\0\240\341\t\0\0\0\0\0"..., 832) = 832
fstat(3, {st_mode=S_IFREG|0644, st_size=1952928, ...}) = 0
mmap(NULL, 8192, PROT_READ|PROT_WRITE, MAP_PRIVATE|MAP_ANONYMOUS, -1, 0) = 0x7f89deffe000
mmap(NULL, 1968128, PROT_READ, MAP_PRIVATE|MAP_DENYWRITE, 3, 0) = 0x7f89dee1d000
mprotect(0x7f89deeb3000, 1286144, PROT_NONE) = 0
mmap(0x7f89deeb3000, 983040, PROT_READ|PROT_EXEC, MAP_PRIVATE|MAP_FIXED|MAP_DENYWRITE, 3, 0x96000) = 0x7f89deeb3000
mmap(0x7f89defa3000, 299008, PROT_READ, MAP_PRIVATE|MAP_FIXED|MAP_DENYWRITE, 3, 0x186000) = 0x7f89defa3000
mmap(0x7f89defed000, 57344, PROT_READ|PROT_WRITE, MAP_PRIVATE|MAP_FIXED|MAP_DENYWRITE, 3, 0x1cf000) = 0x7f89defed000
mmap(0x7f89deffb000, 10240, PROT_READ|PROT_WRITE, MAP_PRIVATE|MAP_FIXED|MAP_ANONYMOUS, -1, 0) = 0x7f89deffb000
close(3)                                = 0
openat(AT_FDCWD, "/lib/x86_64-linux-gnu/libm.so.6", O_RDONLY|O_CLOEXEC) = 3
read(3, "\177ELF\2\1\1\3\0\0\0\0\0\0\0\0\3\0>\0\1\0\0\0\300\363\0\0\0\0\0\0"..., 832) = 832
fstat(3, {st_mode=S_IFREG|0644, st_size=1369352, ...}) = 0
mmap(NULL, 1368336, PROT_READ, MAP_PRIVATE|MAP_DENYWRITE, 3, 0) = 0x7f89decce000
mmap(0x7f89decdd000, 684032, PROT_READ|PROT_EXEC, MAP_PRIVATE|MAP_FIXED|MAP_DENYWRITE, 3, 0xf000) = 0x7f89decdd000
mmap(0x7f89ded84000, 618496, PROT_READ, MAP_PRIVATE|MAP_FIXED|MAP_DENYWRITE, 3, 0xb6000) = 0x7f89ded84000
mmap(0x7f89dee1b000, 8192, PROT_READ|PROT_WRITE, MAP_PRIVATE|MAP_FIXED|MAP_DENYWRITE, 3, 0x14c000) = 0x7f89dee1b000
close(3)                                = 0
openat(AT_FDCWD, "/lib/x86_64-linux-gnu/libgcc_s.so.1", O_RDONLY|O_CLOEXEC) = 3
read(3, "\177ELF\2\1\1\0\0\0\0\0\0\0\0\0\3\0>\0\1\0\0\0\3405\0\0\0\0\0\0"..., 832) = 832
fstat(3, {st_mode=S_IFREG|0644, st_size=104984, ...}) = 0
mmap(NULL, 107592, PROT_READ, MAP_PRIVATE|MAP_DENYWRITE, 3, 0) = 0x7f89decb3000
mmap(0x7f89decb6000, 73728, PROT_READ|PROT_EXEC, MAP_PRIVATE|MAP_FIXED|MAP_DENYWRITE, 3, 0x3000) = 0x7f89decb6000
mmap(0x7f89decc8000, 16384, PROT_READ, MAP_PRIVATE|MAP_FIXED|MAP_DENYWRITE, 3, 0x15000) = 0x7f89decc8000
mmap(0x7f89deccc000, 8192, PROT_READ|PROT_WRITE, MAP_PRIVATE|MAP_FIXED|MAP_DENYWRITE, 3, 0x18000) = 0x7f89deccc000
close(3)                                = 0
openat(AT_FDCWD, "/lib/x86_64-linux-gnu/libc.so.6", O_RDONLY|O_CLOEXEC) = 3
read(3, "\177ELF\2\1\1\3\0\0\0\0\0\0\0\0\3\0>\0\1\0\0\0\360q\2\0\0\0\0\0"..., 832) = 832
pread64(3, "\6\0\0\0\4\0\0\0@\0\0\0\0\0\0\0@\0\0\0\0\0\0\0@\0\0\0\0\0\0\0"..., 784, 64) = 784
pread64(3, "\4\0\0\0\20\0\0\0\5\0\0\0GNU\0\2\0\0\300\4\0\0\0\3\0\0\0\0\0\0\0", 32, 848) = 32
pread64(3, "\4\0\0\0\24\0\0\0\3\0\0\0GNU\0\t\233\222%\274\260\320\31\331\326\10\204\276X>\263"..., 68, 880) = 68
fstat(3, {st_mode=S_IFREG|0755, st_size=2029224, ...}) = 0
pread64(3, "\6\0\0\0\4\0\0\0@\0\0\0\0\0\0\0@\0\0\0\0\0\0\0@\0\0\0\0\0\0\0"..., 784, 64) = 784
pread64(3, "\4\0\0\0\20\0\0\0\5\0\0\0GNU\0\2\0\0\300\4\0\0\0\3\0\0\0\0\0\0\0", 32, 848) = 32
pread64(3, "\4\0\0\0\24\0\0\0\3\0\0\0GNU\0\t\233\222%\274\260\320\31\331\326\10\204\276X>\263"..., 68, 880) = 68
mmap(NULL, 2036952, PROT_READ, MAP_PRIVATE|MAP_DENYWRITE, 3, 0) = 0x7f89deac1000
mprotect(0x7f89deae6000, 1847296, PROT_NONE) = 0
mmap(0x7f89deae6000, 1540096, PROT_READ|PROT_EXEC, MAP_PRIVATE|MAP_FIXED|MAP_DENYWRITE, 3, 0x25000) = 0x7f89deae6000
mmap(0x7f89dec5e000, 303104, PROT_READ, MAP_PRIVATE|MAP_FIXED|MAP_DENYWRITE, 3, 0x19d000) = 0x7f89dec5e000
mmap(0x7f89deca9000, 24576, PROT_READ|PROT_WRITE, MAP_PRIVATE|MAP_FIXED|MAP_DENYWRITE, 3, 0x1e7000) = 0x7f89deca9000
mmap(0x7f89decaf000, 13528, PROT_READ|PROT_WRITE, MAP_PRIVATE|MAP_FIXED|MAP_ANONYMOUS, -1, 0) = 0x7f89decaf000
close(3)                                = 0
mmap(NULL, 8192, PROT_READ|PROT_WRITE, MAP_PRIVATE|MAP_ANONYMOUS, -1, 0) = 0x7f89deabf000
arch_prctl(ARCH_SET_FS, 0x7f89deabff40) = 0
mprotect(0x7f89deca9000, 12288, PROT_READ) = 0
mprotect(0x7f89deccc000, 4096, PROT_READ) = 0
mprotect(0x7f89dee1b000, 4096, PROT_READ) = 0
mmap(NULL, 8192, PROT_READ|PROT_WRITE, MAP_PRIVATE|MAP_ANONYMOUS, -1, 0) = 0x7f89deabd000
mprotect(0x7f89defed000, 45056, PROT_READ) = 0
mprotect(0x55b9cb556000, 4096, PROT_READ) = 0
mprotect(0x7f89df04e000, 4096, PROT_READ) = 0
munmap(0x7f89df000000, 132763)          = 0
brk(NULL)                               = 0x55b9cc5fa000
brk(0x55b9cc61b000)                     = 0x55b9cc61b000
openat(AT_FDCWD, "data/input.txt", O_RDONLY) = 3
read(3, "10\r\n7 5 4 \r\n3 6 2 \r\nE 8 1 \r\n\r\n2 "..., 8191) = 264
fstat(1, {st_mode=S_IFCHR|0620, st_rdev=makedev(0x88, 0x2), ...}) = 0
write(1, "Puzzle #1:\n", 11)            = 11
write(1, "7 5 4 \n", 7)                 = 7
write(1, "3 6 2 \n", 7)                 = 7
write(1, "E 8 1 \n", 7)                 = 7
write(1, "No Solution\n", 12)           = 12
write(1, "Elapsed time: 0.065751 ms\n\n", 27) = 27
write(1, "Puzzle #2:\n", 11)            = 11
write(1, "2 1 8 \n", 7)                 = 7
write(1, "4 3 5 \n", 7)                 = 7
write(1, "E 6 7 \n", 7)                 = 7
write(1, "No Solution\n", 12)           = 12
write(1, "Elapsed time: 0.062494 ms\n\n", 27) = 27
write(1, "Puzzle #3:\n", 11)            = 11
write(1, "4 2 E \n", 7)                 = 7
write(1, "5 1 6 \n", 7)                 = 7
write(1, "7 3 8 \n", 7)                 = 7
write(1, "Solution (12 moves): [2, 1, 3, 8"..., 58) = 58
write(1, "States tested: 32\n", 18)     = 18
write(1, "States generated: 58\n", 21)  = 21
write(1, "Estimated graph nodes generated "..., 88) = 88
write(1, "Elapsed time: 0 ms\n\n", 20)  = 20
write(1, "Puzzle #4:\n", 11)            = 11
write(1, "1 8 4 \n", 7)                 = 7
write(1, "7 5 E \n", 7)                 = 7
write(1, "6 2 3 \n", 7)                 = 7
brk(0x55b9cc63c000)                     = 0x55b9cc63c000
brk(0x55b9cc65d000)                     = 0x55b9cc65d000
write(1, "Solution (23 moves): [4, 8, 5, 4"..., 91) = 91
write(1, "States tested: 1092\n", 20)   = 20
write(1, "States generated: 1733\n", 23) = 23
write(1, "Estimated graph nodes generated "..., 91) = 91
write(1, "Elapsed time: 6 ms\n\n", 20)  = 20
write(1, "Puzzle #5:\n", 11)            = 11
write(1, "5 2 1 \n", 7)                 = 7
write(1, "8 6 4 \n", 7)                 = 7
write(1, "3 E 7 \n", 7)                 = 7
brk(0x55b9cc67e000)                     = 0x55b9cc67e000
brk(0x55b9cc69f000)                     = 0x55b9cc69f000
brk(0x55b9cc6c0000)                     = 0x55b9cc6c0000
brk(0x55b9cc6e1000)                     = 0x55b9cc6e1000
brk(0x55b9cc702000)                     = 0x55b9cc702000
brk(0x55b9cc723000)                     = 0x55b9cc723000
brk(0x55b9cc744000)                     = 0x55b9cc744000
brk(0x55b9cc765000)                     = 0x55b9cc765000
brk(0x55b9cc786000)                     = 0x55b9cc786000
brk(0x55b9cc7a7000)                     = 0x55b9cc7a7000
brk(0x55b9cc7c8000)                     = 0x55b9cc7c8000
brk(0x55b9cc7e9000)                     = 0x55b9cc7e9000
brk(0x55b9cc80a000)                     = 0x55b9cc80a000
brk(0x55b9cc82b000)                     = 0x55b9cc82b000
write(1, "Solution (29 moves): [6, 4, 7, 6"..., 109) = 109
write(1, "States tested: 7936\n", 20)   = 20
write(1, "States generated: 11942\n", 24) = 24
write(1, "Estimated graph nodes generated "..., 93) = 93
write(1, "Elapsed time: 32 ms\n\n", 21) = 21
write(1, "Puzzle #6:\n", 11)            = 11
write(1, "8 4 E \n", 7)                 = 7
write(1, "5 7 6 \n", 7)                 = 7
write(1, "3 1 2 \n", 7)                 = 7
write(1, "Solution (26 moves): [4, 8, 5, 7"..., 100) = 100
write(1, "States tested: 1708\n", 20)   = 20
write(1, "States generated: 2639\n", 23) = 23
write(1, "Estimated graph nodes generated "..., 92) = 92
write(1, "Elapsed time: 10 ms\n\n", 21) = 21
write(1, "Puzzle #7:\n", 11)            = 11
write(1, "7 E 3 \n", 7)                 = 7
write(1, "4 1 8 \n", 7)                 = 7
write(1, "6 2 5 \n", 7)                 = 7
write(1, "No Solution\n", 12)           = 12
write(1, "Elapsed time: 0 ms\n\n", 20)  = 20
write(1, "Puzzle #8:\n", 11)            = 11
write(1, "1 4 3 \n", 7)                 = 7
write(1, "6 E 8 \n", 7)                 = 7
write(1, "7 2 5 \n", 7)                 = 7
write(1, "Solution (18 moves): [4, 1, 6, 4"..., 76) = 76
write(1, "States tested: 370\n", 19)    = 19
write(1, "States generated: 600\n", 22) = 22
write(1, "Estimated graph nodes generated "..., 90) = 90
write(1, "Elapsed time: 2 ms\n\n", 20)  = 20
write(1, "Puzzle #9:\n", 11)            = 11
write(1, "6 1 7 \n", 7)                 = 7
write(1, "4 3 5 \n", 7)                 = 7
write(1, "E 2 8 \n", 7)                 = 7
write(1, "No Solution\n", 12)           = 12
write(1, "Elapsed time: 0 ms\n\n", 20)  = 20
write(1, "Puzzle #10:\n", 12)           = 12
write(1, "5 3 2 \n", 7)                 = 7
write(1, "6 E 4 \n", 7)                 = 7
write(1, "7 1 8 \n", 7)                 = 7
write(1, "No Solution\n", 12)           = 12
write(1, "Elapsed time: 0 ms\n\n", 20)  = 20
write(1, "Total time for all puzzles: 49ms"..., 34) = 34
close(3)                                = 0
exit_group(0)                           = ?
+++ exited with 0 +++
